# JRE version: OpenJDK Runtime Environment (21.0.1+12) (build 21.0.1+12-29)
# Java VM: OpenJDK 64-Bit Server VM (21.0.1+12-29, mixed mode, sharing, tiered, compressed oops, compressed class ptrs, g1 gc, bsd-aarch64)
Heap:
 garbage-first heap   total 55296K, used 29476K [0x0000000700000000, 0x0000000800000000)
  region size 2048K, 14 young (28672K), 5 survivors (10240K)
 Metaspace       used 23548K, committed 23936K, reserved 1114112K
  class space    used 3292K, committed 3456K, reserved 1048576K
GC Heap History (6 events):
Event: 0.333 GC heap before
{Heap before GC invocations=0 (full 0):
 garbage-first heap   total 264192K, used 21516K [0x0000000700000000, 0x0000000800000000)
  region size 2048K, 11 young (22528K), 0 survivors (0K)
 Metaspace       used 5433K, committed 5696K, reserved 1114112K
  class space    used 640K, committed 768K, reserved 1048576K
}
Event: 0.335 GC heap after
{Heap after GC invocations=1 (full 0):
 garbage-first heap   total 264192K, used 4288K [0x0000000700000000, 0x0000000800000000)
  region size 2048K, 2 young (4096K), 2 survivors (4096K)
 Metaspace       used 5433K, committed 5696K, reserved 1114112K
  class space    used 640K, committed 768K, reserved 1048576K
}
Event: 35.583 GC heap before
{Heap before GC invocations=1 (full 0):
 garbage-first heap   total 264192K, used 57536K [0x0000000700000000, 0x0000000800000000)
  region size 2048K, 28 young (57344K), 2 survivors (4096K)
 Metaspace       used 17140K, committed 17536K, reserved 1114112K
  class space    used 2487K, committed 2688K, reserved 1048576K
}
Event: 35.586 GC heap after
{Heap after GC invocations=2 (full 0):
 garbage-first heap   total 264192K, used 11005K [0x0000000700000000, 0x0000000800000000)
  region size 2048K, 4 young (8192K), 4 survivors (8192K)
 Metaspace       used 17140K, committed 17536K, reserved 1114112K
  class space    used 2487K, committed 2688K, reserved 1048576K
}
Event: 35.726 GC heap before
{Heap before GC invocations=2 (full 0):
 garbage-first heap   total 264192K, used 23293K [0x0000000700000000, 0x0000000800000000)
  region size 2048K, 11 young (22528K), 4 survivors (8192K)
 Metaspace       used 21159K, committed 21504K, reserved 1114112K
  class space    used 3015K, committed 3200K, reserved 1048576K
}
Event: 35.729 GC heap after
{Heap after GC invocations=3 (full 0):
 garbage-first heap   total 264192K, used 13090K [0x0000000700000000, 0x0000000800000000)
  region size 2048K, 5 young (10240K), 5 survivors (10240K)
 Metaspace       used 21159K, committed 21504K, reserved 1114112K
  class space    used 3015K, committed 3200K, reserved 1048576K
}

